nohup: ignoring input
[I 2022-09-01 12:52:18.200 ServerApp] jupyterlab | extension was successfully linked.
[W 2022-09-01 12:52:18.202 NotebookApp] 'password' has moved from NotebookApp to ServerApp. This config will be passed to ServerApp. Be sure to update your config before our next release.
[I 2022-09-01 12:52:18.206 ServerApp] nbclassic | extension was successfully linked.
[I 2022-09-01 12:52:18.322 ServerApp] notebook_shim | extension was successfully linked.
[I 2022-09-01 12:52:18.349 ServerApp] notebook_shim | extension was successfully loaded.
[I 2022-09-01 12:52:18.350 LabApp] JupyterLab extension loaded from /home/ppxlf2/anaconda3/envs/deep/lib/python3.8/site-packages/jupyterlab
[I 2022-09-01 12:52:18.350 LabApp] JupyterLab application directory is /home/ppxlf2/anaconda3/envs/deep/share/jupyter/lab
[I 2022-09-01 12:52:18.352 ServerApp] jupyterlab | extension was successfully loaded.
[I 2022-09-01 12:52:18.354 ServerApp] nbclassic | extension was successfully loaded.
[I 2022-09-01 12:52:18.354 ServerApp] Serving notebooks from local directory: /home/ppxlf2/sources/midnightoil
[I 2022-09-01 12:52:18.354 ServerApp] Jupyter Server 1.15.6 is running at:
[I 2022-09-01 12:52:18.354 ServerApp] http://localhost:7666/lab
[I 2022-09-01 12:52:18.354 ServerApp]  or http://127.0.0.1:7666/lab
[I 2022-09-01 12:52:18.354 ServerApp] Use Control-C to stop this server and shut down all kernels (twice to skip confirmation).
[I 2022-09-01 12:53:02.589 ServerApp] 302 GET / (::1) 0.94ms
[I 2022-09-01 12:53:02.628 LabApp] 302 GET /lab? (::1) 4.03ms
[I 2022-09-01 12:53:05.487 ServerApp] 302 POST /login?next=%2Flab%3F (::1) 126.73ms
[W 2022-09-01 12:53:20.092 LabApp] Could not determine jupyterlab build status without nodejs
[I 2022-09-01 13:02:41.704 ServerApp] New terminal with automatic name: 1
TermSocket.open: 1
TermSocket.open: Opened 1
[I 2022-09-01 13:03:00.911 ServerApp] Kernel started: 5b2d5693-c320-4f13-9060-b195a4051718
[I 2022-09-01 13:03:00.975 ServerApp] Kernel started: c9ad3f76-142d-46cd-8e3e-9f80324c1d41
[I 2022-09-01 13:04:07.606 ServerApp] Creating new notebook in /runs/110_202209010423
[I 2022-09-01 13:04:08.041 ServerApp] Kernel started: 03876f66-ff8b-4767-bd3c-83305bd3632e
[I 2022-09-01 13:05:00.773 ServerApp] Saving file at /runs/102_202206211731/Untitled.ipynb
2022-09-01 13:05:08.299793: E tensorflow/stream_executor/cuda/cuda_driver.cc:271] failed call to cuInit: CUDA_ERROR_NO_DEVICE: no CUDA-capable device is detected
2022-09-01 13:05:08.299866: I tensorflow/stream_executor/cuda/cuda_diagnostics.cc:169] retrieving CUDA diagnostic information for host: mlis2
2022-09-01 13:05:08.300118: I tensorflow/stream_executor/cuda/cuda_diagnostics.cc:176] hostname: mlis2
2022-09-01 13:05:08.300264: I tensorflow/stream_executor/cuda/cuda_diagnostics.cc:200] libcuda reported version is: 460.32.3
2022-09-01 13:05:08.300320: I tensorflow/stream_executor/cuda/cuda_diagnostics.cc:204] kernel reported version is: 460.32.3
2022-09-01 13:05:08.300335: I tensorflow/stream_executor/cuda/cuda_diagnostics.cc:310] kernel version seems to match DSO: 460.32.3
2022-09-01 13:05:08.347399: I tensorflow/core/platform/cpu_feature_guard.cc:151] This TensorFlow binary is optimized with oneAPI Deep Neural Network Library (oneDNN) to use the following CPU instructions in performance-critical operations:  AVX2 AVX512F FMA
To enable them in other operations, rebuild TensorFlow with the appropriate compiler flags.
[I 2022-09-01 13:06:08.890 ServerApp] Saving file at /runs/110_202209010423/Untitled.ipynb
[I 2022-09-01 13:10:09.903 ServerApp] Saving file at /runs/110_202209010423/Untitled.ipynb
[I 2022-09-01 13:12:10.085 ServerApp] Saving file at /runs/110_202209010423/Untitled.ipynb
[I 2022-09-01 13:14:10.926 ServerApp] Saving file at /runs/110_202209010423/Untitled.ipynb
[I 2022-09-01 14:22:15.758 ServerApp] Creating new notebook in /runs/113_202209011419
[I 2022-09-01 14:22:16.221 ServerApp] Kernel started: 6307e94c-cf43-4e56-9bfb-c13e1ee928d2
2022-09-01 14:22:28.825396: E tensorflow/stream_executor/cuda/cuda_driver.cc:271] failed call to cuInit: CUDA_ERROR_NO_DEVICE: no CUDA-capable device is detected
2022-09-01 14:22:28.825451: I tensorflow/stream_executor/cuda/cuda_diagnostics.cc:169] retrieving CUDA diagnostic information for host: mlis2
2022-09-01 14:22:28.825457: I tensorflow/stream_executor/cuda/cuda_diagnostics.cc:176] hostname: mlis2
2022-09-01 14:22:28.825591: I tensorflow/stream_executor/cuda/cuda_diagnostics.cc:200] libcuda reported version is: 460.32.3
2022-09-01 14:22:28.825619: I tensorflow/stream_executor/cuda/cuda_diagnostics.cc:204] kernel reported version is: 460.32.3
2022-09-01 14:22:28.825625: I tensorflow/stream_executor/cuda/cuda_diagnostics.cc:310] kernel version seems to match DSO: 460.32.3
2022-09-01 14:22:28.833677: I tensorflow/core/platform/cpu_feature_guard.cc:151] This TensorFlow binary is optimized with oneAPI Deep Neural Network Library (oneDNN) to use the following CPU instructions in performance-critical operations:  AVX2 AVX512F FMA
To enable them in other operations, rebuild TensorFlow with the appropriate compiler flags.
[I 2022-09-01 14:24:16.134 ServerApp] Saving file at /runs/113_202209011419/Untitled.ipynb
[I 2022-09-01 14:26:16.944 ServerApp] Saving file at /runs/113_202209011419/Untitled.ipynb
[I 2022-09-01 14:28:17.135 ServerApp] Saving file at /runs/113_202209011419/Untitled.ipynb
[I 2022-09-01 14:30:17.990 ServerApp] Saving file at /runs/113_202209011419/Untitled.ipynb
[I 2022-09-01 14:40:53.000 ServerApp] Saving file at /runs/113_202209011419/Untitled.ipynb
[I 2022-09-01 14:42:53.947 ServerApp] Saving file at /runs/113_202209011419/Untitled.ipynb
[I 2022-09-01 14:44:54.119 ServerApp] Saving file at /runs/113_202209011419/Untitled.ipynb
[I 2022-09-01 14:46:54.952 ServerApp] Saving file at /runs/113_202209011419/Untitled.ipynb
[I 2022-09-01 15:37:17.059 ServerApp] Saving file at /runs/113_202209011419/Untitled.ipynb
[I 2022-09-01 16:44:47.022 ServerApp] Saving file at /runs/113_202209011419/Untitled.ipynb
[I 2022-09-01 16:46:47.427 ServerApp] Saving file at /runs/113_202209011419/Untitled.ipynb
[I 2022-09-01 16:58:47.993 ServerApp] Saving file at /runs/113_202209011419/Untitled.ipynb
[I 2022-09-01 17:02:48.986 ServerApp] Saving file at /runs/113_202209011419/Untitled.ipynb
[I 2022-09-01 17:06:51.227 ServerApp] Saving file at /runs/113_202209011419/Untitled.ipynb
[I 2022-09-01 17:10:52.042 ServerApp] Saving file at /runs/113_202209011419/Untitled.ipynb
[I 2022-09-01 17:12:53.002 ServerApp] Saving file at /runs/113_202209011419/Untitled.ipynb
[I 2022-09-01 17:14:53.163 ServerApp] Saving file at /runs/113_202209011419/Untitled.ipynb
Websocket closed
[I 2022-09-01 19:33:16.338 ServerApp] Starting buffering for 03876f66-ff8b-4767-bd3c-83305bd3632e:6ea6ec6d-2ecb-416e-850b-53a04bce125f
[I 2022-09-01 19:33:16.338 ServerApp] Starting buffering for 5b2d5693-c320-4f13-9060-b195a4051718:338727f1-3bcd-443b-a093-ad86d5a74c04
[I 2022-09-01 19:33:16.341 ServerApp] Starting buffering for c9ad3f76-142d-46cd-8e3e-9f80324c1d41:f8853157-1cbe-4ac4-aa70-5bd47ba33383
[I 2022-09-01 19:33:16.342 ServerApp] Starting buffering for 6307e94c-cf43-4e56-9bfb-c13e1ee928d2:2ae00309-4143-4819-99ea-b14e08b9e7c2
[W 2022-09-01 21:42:12.620 LabApp] Could not determine jupyterlab build status without nodejs
TermSocket.open: 1
TermSocket.open: Opened 1
Websocket closed
[I 2022-09-01 21:42:47.361 ServerApp] Starting buffering for 5b2d5693-c320-4f13-9060-b195a4051718:fed8e14b-a795-449c-b5f6-2e825e622a4c
[I 2022-09-01 21:42:47.362 ServerApp] Starting buffering for c9ad3f76-142d-46cd-8e3e-9f80324c1d41:13fdceca-08fa-41a5-a710-d56af1744f09
[I 2022-09-01 21:42:47.362 ServerApp] Starting buffering for 03876f66-ff8b-4767-bd3c-83305bd3632e:f1c2f4a7-b717-4be4-b7ff-2bf411b4d817
[I 2022-09-01 21:42:47.363 ServerApp] Starting buffering for 6307e94c-cf43-4e56-9bfb-c13e1ee928d2:18cf0c17-0ec8-4cf7-b102-d8c391698b9d
[W 2022-09-01 21:42:49.351 LabApp] Could not determine jupyterlab build status without nodejs
TermSocket.open: 1
TermSocket.open: Opened 1
[I 2022-09-01 21:44:51.116 ServerApp] Saving file at /runs/113_202209011419/Untitled.ipynb
[I 2022-09-01 21:46:52.085 ServerApp] Saving file at /runs/113_202209011419/Untitled.ipynb
[I 2022-09-01 22:15:17.115 ServerApp] Saving file at /runs/113_202209011419/Untitled.ipynb
[I 2022-09-01 22:30:17.139 ServerApp] Saving file at /runs/113_202209011419/Untitled.ipynb
[I 2022-09-01 22:36:19.139 ServerApp] Saving file at /runs/113_202209011419/Untitled.ipynb
[W 2022-09-01 22:40:18.159 LabApp] Could not determine jupyterlab build status without nodejs
[W 2022-09-01 22:40:20.285 ServerApp] WebSocket ping timeout after 119971 ms.
[W 2022-09-01 22:40:21.795 ServerApp] WebSocket ping timeout after 119968 ms.
[W 2022-09-01 22:40:21.876 ServerApp] WebSocket ping timeout after 119971 ms.
[W 2022-09-01 22:40:21.966 ServerApp] WebSocket ping timeout after 119969 ms.
[W 2022-09-01 22:40:22.046 ServerApp] WebSocket ping timeout after 119959 ms.
Websocket closed
[I 2022-09-01 22:40:26.798 ServerApp] Starting buffering for 5b2d5693-c320-4f13-9060-b195a4051718:86445300-2e49-45e3-a86c-4e667597bb80
[I 2022-09-01 22:40:26.878 ServerApp] Starting buffering for 6307e94c-cf43-4e56-9bfb-c13e1ee928d2:ad7ed599-6e88-49de-8b7a-7136404c8d69
[I 2022-09-01 22:40:26.968 ServerApp] Starting buffering for c9ad3f76-142d-46cd-8e3e-9f80324c1d41:5504ae1e-1b37-44d5-8410-e6a81a9a9e97
[I 2022-09-01 22:40:27.047 ServerApp] Starting buffering for 03876f66-ff8b-4767-bd3c-83305bd3632e:79f42011-60ff-4eed-8897-239e6c890950
TermSocket.open: 1
TermSocket.open: Opened 1
Websocket closed
[I 2022-09-02 12:05:59.725 ServerApp] 302 GET / (::1) 0.87ms
[W 2022-09-02 12:06:02.604 LabApp] Could not determine jupyterlab build status without nodejs
TermSocket.open: 1
TermSocket.open: Opened 1
[I 2022-09-02 12:08:04.468 ServerApp] Saving file at /runs/113_202209011419/Untitled.ipynb
[I 2022-09-02 12:10:05.292 ServerApp] Saving file at /runs/113_202209011419/Untitled.ipynb
Websocket closed
[I 2022-09-02 17:08:51.789 ServerApp] Starting buffering for 03876f66-ff8b-4767-bd3c-83305bd3632e:7e88e72e-94b3-46b0-83d7-b3d263f6ae7e
[I 2022-09-02 17:08:51.790 ServerApp] Starting buffering for 5b2d5693-c320-4f13-9060-b195a4051718:0574617f-83d8-4a6a-891e-09280345b60c
[I 2022-09-02 17:08:51.791 ServerApp] Starting buffering for 6307e94c-cf43-4e56-9bfb-c13e1ee928d2:a576732a-afb5-42d4-ada1-31bd0ebe1807
[I 2022-09-02 17:08:51.791 ServerApp] Starting buffering for c9ad3f76-142d-46cd-8e3e-9f80324c1d41:14e8582d-48fb-463f-af13-45509135eea6
[I 2022-09-02 17:53:09.370 ServerApp] Restoring connection for 6307e94c-cf43-4e56-9bfb-c13e1ee928d2:a576732a-afb5-42d4-ada1-31bd0ebe1807
[I 2022-09-02 17:53:11.370 ServerApp] Restoring connection for c9ad3f76-142d-46cd-8e3e-9f80324c1d41:14e8582d-48fb-463f-af13-45509135eea6
[I 2022-09-02 17:53:22.359 ServerApp] Restoring connection for 5b2d5693-c320-4f13-9060-b195a4051718:0574617f-83d8-4a6a-891e-09280345b60c
[I 2022-09-02 17:53:25.403 ServerApp] Restoring connection for 03876f66-ff8b-4767-bd3c-83305bd3632e:7e88e72e-94b3-46b0-83d7-b3d263f6ae7e
[W 2022-09-02 20:07:52.360 ServerApp] WebSocket ping timeout after 119953 ms.
[W 2022-09-02 20:07:55.403 ServerApp] WebSocket ping timeout after 119968 ms.
[I 2022-09-02 20:07:57.363 ServerApp] Starting buffering for 5b2d5693-c320-4f13-9060-b195a4051718:0574617f-83d8-4a6a-891e-09280345b60c
[I 2022-09-02 20:08:00.406 ServerApp] Starting buffering for 03876f66-ff8b-4767-bd3c-83305bd3632e:7e88e72e-94b3-46b0-83d7-b3d263f6ae7e
[W 2022-09-02 20:08:09.372 ServerApp] WebSocket ping timeout after 119618 ms.
[W 2022-09-02 20:08:11.371 ServerApp] WebSocket ping timeout after 119964 ms.
[I 2022-09-02 20:08:14.374 ServerApp] Starting buffering for 6307e94c-cf43-4e56-9bfb-c13e1ee928d2:a576732a-afb5-42d4-ada1-31bd0ebe1807
[I 2022-09-02 20:08:16.373 ServerApp] Starting buffering for c9ad3f76-142d-46cd-8e3e-9f80324c1d41:14e8582d-48fb-463f-af13-45509135eea6
[C 2022-10-26 13:57:05.961 ServerApp] received signal 15, stopping
[I 2022-10-26 13:57:06.001 ServerApp] EOF on FD 19; stopping reading
[I 2022-10-26 13:57:06.101 ServerApp] Terminal 1 closed
[I 2022-10-26 13:57:06.110 ServerApp] Shutting down 3 extensions
[I 2022-10-26 13:57:06.111 ServerApp] Shutting down 4 kernels
[I 2022-10-26 13:57:06.112 ServerApp] Kernel shutdown: c9ad3f76-142d-46cd-8e3e-9f80324c1d41
[I 2022-10-26 13:57:06.112 ServerApp] Kernel shutdown: 6307e94c-cf43-4e56-9bfb-c13e1ee928d2
[I 2022-10-26 13:57:06.113 ServerApp] Kernel shutdown: 03876f66-ff8b-4767-bd3c-83305bd3632e
[I 2022-10-26 13:57:06.113 ServerApp] Kernel shutdown: 5b2d5693-c320-4f13-9060-b195a4051718
[I 2022-10-26 13:57:06.129 ServerApp] Shutting down 0 terminals
